
> @qoom/api@1.0.0 start
> node dist/src/main.js

=== main.ts execution started ===
[32m[Nest] 52397  - [39m05/31/2026, 3:03:50 AM [32m    LOG[39m [38;5;3m[NestFactory] [39m[32mStarting Nest application...[39m
[32m[Nest] 52397  - [39m05/31/2026, 3:03:50 AM [32m    LOG[39m [38;5;3m[InstanceLoader] [39m[32mAppModule dependencies initialized[39m[38;5;3m +15ms[39m
[32m[Nest] 52397  - [39m05/31/2026, 3:03:50 AM [32m    LOG[39m [38;5;3m[InstanceLoader] [39m[32mBullModule dependencies initialized[39m[38;5;3m +0ms[39m
[32m[Nest] 52397  - [39m05/31/2026, 3:03:53 AM [32m    LOG[39m [38;5;3m[InstanceLoader] [39m[32mDatabaseModule dependencies initialized[39m[38;5;3m +3488ms[39m
[32m[Nest] 52397  - [39m05/31/2026, 3:03:53 AM [32m    LOG[39m [38;5;3m[InstanceLoader] [39m[32mWebSocketModule dependencies initialized[39m[38;5;3m +1ms[39m
[32m[Nest] 52397  - [39m05/31/2026, 3:03:53 AM [32m    LOG[39m [38;5;3m[InstanceLoader] [39m[32mJwtModule dependencies initialized[39m[38;5;3m +5ms[39m
[32m[Nest] 52397  - [39m05/31/2026, 3:03:53 AM [32m    LOG[39m [38;5;3m[InstanceLoader] [39m[32mConfigHostModule dependencies initialized[39m[38;5;3m +0ms[39m
[32m[Nest] 52397  - [39m05/31/2026, 3:03:53 AM [32m    LOG[39m [38;5;3m[InstanceLoader] [39m[32mKnowledgeModule dependencies initialized[39m[38;5;3m +1ms[39m
[32m[Nest] 52397  - [39m05/31/2026, 3:03:53 AM [32m    LOG[39m [38;5;3m[InstanceLoader] [39m[32mAiModule dependencies initialized[39m[38;5;3m +0ms[39m
[32m[Nest] 52397  - [39m05/31/2026, 3:03:53 AM [32m    LOG[39m [38;5;3m[InstanceLoader] [39m[32mEventsModule dependencies initialized[39m[38;5;3m +0ms[39m
[32m[Nest] 52397  - [39m05/31/2026, 3:03:53 AM [32m    LOG[39m [38;5;3m[InstanceLoader] [39m[32mDiscoveryModule dependencies initialized[39m[38;5;3m +0ms[39m
[32m[Nest] 52397  - [39m05/31/2026, 3:03:53 AM [32m    LOG[39m [38;5;3m[InstanceLoader] [39m[32mConfigModule dependencies initialized[39m[38;5;3m +1ms[39m
[32m[Nest] 52397  - [39m05/31/2026, 3:03:53 AM [32m    LOG[39m [38;5;3m[InstanceLoader] [39m[32mAgentsModule dependencies initialized[39m[38;5;3m +0ms[39m
[32m[Nest] 52397  - [39m05/31/2026, 3:03:53 AM [32m    LOG[39m [38;5;3m[InstanceLoader] [39m[32mRealityModule dependencies initialized[39m[38;5;3m +0ms[39m
[32m[Nest] 52397  - [39m05/31/2026, 3:03:53 AM [32m    LOG[39m [38;5;3m[InstanceLoader] [39m[32mEventEmitterModule dependencies initialized[39m[38;5;3m +1ms[39m
[32m[Nest] 52397  - [39m05/31/2026, 3:03:53 AM [32m    LOG[39m [38;5;3m[InstanceLoader] [39m[32mOrchestratorModule dependencies initialized[39m[38;5;3m +0ms[39m
[32m[Nest] 52397  - [39m05/31/2026, 3:03:53 AM [32m    LOG[39m [38;5;3m[InstanceLoader] [39m[32mAuthModule dependencies initialized[39m[38;5;3m +0ms[39m
[32m[Nest] 52397  - [39m05/31/2026, 3:03:53 AM [32m    LOG[39m [38;5;3m[InstanceLoader] [39m[32mQueueModule dependencies initialized[39m[38;5;3m +0ms[39m
[32m[Nest] 52397  - [39m05/31/2026, 3:03:53 AM [32m    LOG[39m [38;5;3m[InstanceLoader] [39m[32mScanModule dependencies initialized[39m[38;5;3m +1ms[39m
[32m[Nest] 52397  - [39m05/31/2026, 3:03:54 AM [32m    LOG[39m [38;5;3m[WebSocketsController] [39m[32mScanGateway subscribed to the "subscribeScan" message[39m[38;5;3m +129ms[39m
[32m[Nest] 52397  - [39m05/31/2026, 3:03:54 AM [32m    LOG[39m [38;5;3m[RateLimiterMiddleware] [39m[32mRate limiter configured with Redis backend store.[39m
[32m[Nest] 52397  - [39m05/31/2026, 3:03:54 AM [32m    LOG[39m [38;5;3m[RoutesResolver] [39m[32mAuthController {/auth}:[39m[38;5;3m +1ms[39m
[32m[Nest] 52397  - [39m05/31/2026, 3:03:54 AM [32m    LOG[39m [38;5;3m[RouterExplorer] [39m[32mMapped {/auth/register, POST} route[39m[38;5;3m +1ms[39m
[32m[Nest] 52397  - [39m05/31/2026, 3:03:54 AM [32m    LOG[39m [38;5;3m[RouterExplorer] [39m[32mMapped {/auth/login, POST} route[39m[38;5;3m +0ms[39m
[32m[Nest] 52397  - [39m05/31/2026, 3:03:54 AM [32m    LOG[39m [38;5;3m[RouterExplorer] [39m[32mMapped {/auth/me, GET} route[39m[38;5;3m +1ms[39m
[32m[Nest] 52397  - [39m05/31/2026, 3:03:54 AM [32m    LOG[39m [38;5;3m[RoutesResolver] [39m[32mScanController {/}:[39m[38;5;3m +0ms[39m
[32m[Nest] 52397  - [39m05/31/2026, 3:03:54 AM [32m    LOG[39m [38;5;3m[RouterExplorer] [39m[32mMapped {/projects, POST} route[39m[38;5;3m +0ms[39m
[32m[Nest] 52397  - [39m05/31/2026, 3:03:54 AM [32m    LOG[39m [38;5;3m[RouterExplorer] [39m[32mMapped {/projects, GET} route[39m[38;5;3m +0ms[39m
[32m[Nest] 52397  - [39m05/31/2026, 3:03:54 AM [32m    LOG[39m [38;5;3m[RouterExplorer] [39m[32mMapped {/projects/:id, PATCH} route[39m[38;5;3m +0ms[39m
[32m[Nest] 52397  - [39m05/31/2026, 3:03:54 AM [32m    LOG[39m [38;5;3m[RouterExplorer] [39m[32mMapped {/validate-idea, POST} route[39m[38;5;3m +0ms[39m
[32m[Nest] 52397  - [39m05/31/2026, 3:03:54 AM [32m    LOG[39m [38;5;3m[RouterExplorer] [39m[32mMapped {/scan, POST} route[39m[38;5;3m +1ms[39m
[32m[Nest] 52397  - [39m05/31/2026, 3:03:54 AM [32m    LOG[39m [38;5;3m[RouterExplorer] [39m[32mMapped {/scan/:id, GET} route[39m[38;5;3m +0ms[39m
[32m[Nest] 52397  - [39m05/31/2026, 3:03:54 AM [32m    LOG[39m [38;5;3m[RouterExplorer] [39m[32mMapped {/passport/:id, GET} route[39m[38;5;3m +0ms[39m
[32m[Nest] 52397  - [39m05/31/2026, 3:03:54 AM [32m    LOG[39m [38;5;3m[QueueService] [39m[32mInitializing background job queue...[39m
[32m[Nest] 52397  - [39m05/31/2026, 3:03:54 AM [32m    LOG[39m [38;5;3m[PrismaService] [39m[32mConnected to Supabase PostgreSQL Database.[39m
[32m[Nest] 52397  - [39m05/31/2026, 3:03:54 AM [32m    LOG[39m [38;5;3m[NestApplication] [39m[32mNest application successfully started[39m[38;5;3m +2ms[39m
[32m[Nest] 52397  - [39m05/31/2026, 3:03:54 AM [32m    LOG[39m [38;5;3m[Bootstrap] [39m[32m========================================================[39m
[32m[Nest] 52397  - [39m05/31/2026, 3:03:54 AM [32m    LOG[39m [38;5;3m[Bootstrap] [39m[32m🚀 QOOM AI API SERVER RUNNING ON PORT: 3001[39m
[32m[Nest] 52397  - [39m05/31/2026, 3:03:54 AM [32m    LOG[39m [38;5;3m[Bootstrap] [39m[32m🔒 SECURITY SHIELDS ACTIVE: Helmet, CORS, Sanitizers[39m
[32m[Nest] 52397  - [39m05/31/2026, 3:03:54 AM [32m    LOG[39m [38;5;3m[Bootstrap] [39m[32m💻 FRONTEND WHITE-LIST ORIGIN: http://localhost:5173[39m
[32m[Nest] 52397  - [39m05/31/2026, 3:03:54 AM [32m    LOG[39m [38;5;3m[Bootstrap] [39m[32m========================================================[39m
[32m[Nest] 52397  - [39m05/31/2026, 3:03:54 AM [32m    LOG[39m [38;5;3m[QueueService] [39m[32mSuccessfully connected to Redis instance.[39m
